C51 COMPILER V9.01   MAIN                                                                  11/12/2018 09:39:38 PAGE 1   


C51 COMPILER V9.01, COMPILATION OF MODULE MAIN
OBJECT MODULE PLACED IN main.OBJ
COMPILER INVOKED BY: C:\Keil_v5\C51\BIN\C51.EXE main.c OPTIMIZE(8,SPEED) BROWSE DEBUG OBJECTEXTEND TABS(2)

line level    source

   1          /**************************************************************************************
   2          *                 电子琴                    *
   3                    p2.7<-->蜂鸣器  
   4                      P0<-->数码管
   5                      P1<-->矩阵键盘
   6          * ************************************************************************************* */
   7          
   8          #include "reg52.h"       //此文件中定义了单片机的一些特殊功能寄存器
   9          #include "key.h"
  10          
  11          #define u8 unsigned char    //对数据类型进行声明定义
  12          #define u16  unsigned int
  13          
  14          #define smg P0
  15          sbit led=P2^7;   //定义P20口是led
  16          sbit test1=P3^6;
  17          u16 Tab_F[]={ 262,286,331,349,392,440,494,//低音
  18                        523,587,659,698,784,880,988,//中音
  19                        1046,1175,1318,1396,1568,1760,1975};//高音
  20          u8 code smgduan[17]={0x3f,0x06,0x5b,0x4f,0x66,0x6d,0x7d,0x07,
  21                    0x7f,0x6f,0x77,0x7c,0x39,0x5e,0x79,0x71};//显示0~F的值
  22          u8 key_num;
  23          u16 Freq,T_cnt;
  24            
  25          bit beep; 
  26          /*******************************************************************************
  27          * 函 数 名         : Timer0Init
  28          * 函数功能       : 定时器0初始化
  29          * 输    入         : 无
  30          * 输    出         : 无
  31          ***+****************************************************************************/
  32          void Timer0Init()
  33          {
  34   1        TMOD|=0X01;//选择为定时器0模式，工作方式1，仅用TR0打开启动。
  35   1      
  36   1        TH0=(65536-100)/256;  //给定时器赋初值，定时1ms
  37   1        TL0=(65536-100)%256;   
  38   1        ET0=1;//打开定时器0中断允许
  39   1        EA=1;//打开总中断
  40   1        TR0=1;//打开定时器      
  41   1      }
  42          
  43          /*******************************************************************************
  44          * 函 数 名       : main
  45          * 函数功能     : 主函数
  46          * 输    入       : 无
  47          * 输    出       : 无
  48          *******************************************************************************/
  49          void main()
  50          { 
  51   1        Timer0Init();  //定时器0初始化
  52   1        while(1) 
  53   1        {
  54   2          key_num=KeyDown();
  55   2          
C51 COMPILER V9.01   MAIN                                                                  11/12/2018 09:39:38 PAGE 2   

  56   2          if(key_num!=0xff)
  57   2          {
  58   3            
  59   3            
  60   3            P0=~smgduan[key_num];  //显示按键
  61   3            Freq=Tab_F[key_num];   //发声
  62   3           
  63   3            beep=1;
  64   3            T_cnt=0;
  65   3            EA=1;
  66   3          }
  67   2        };
  68   1        
  69   1      }
  70          
  71          
  72          /*******************************************************************************
  73          * 函 数 名         : void Timer0() interrupt 1
  74          * 函数功能       : 定时器0中断函数
  75          * 输    入         : 无
  76          * 输    出         : 无  
  77          *******************************************************************************/
  78          void Timer0() interrupt 1
  79          {
  80   1        static u16 i;
  81   1        TH0=(65536-89)/256; //给定时器赋初值，定时0.1ms
  82   1        TL0=(65536-89)%256;  
  83   1        i++;
  84   1        //test1=~test1;
  85   1        if(i>(5000/Freq))
  86   1        {
  87   2          i=0;
  88   2        if(beep==1)
  89   2          {led=~led;} 
  90   2        } 
  91   1        T_cnt++;
  92   1        if(T_cnt==1000)
  93   1          {
  94   2            beep=0;
  95   2            led=0;
  96   2            EA=0;
  97   2          }
  98   1      }


MODULE INFORMATION:   STATIC OVERLAYABLE
   CODE SIZE        =    165    ----
   CONSTANT SIZE    =     17    ----
   XDATA SIZE       =   ----    ----
   PDATA SIZE       =   ----    ----
   DATA SIZE        =     49    ----
   IDATA SIZE       =   ----    ----
   BIT SIZE         =      1    ----
END OF MODULE INFORMATION.


C51 COMPILATION COMPLETE.  0 WARNING(S),  0 ERROR(S)
